  Engine.cpp
c:\users\manuel\documents\carpeta de formateo\urjc\programacion avanzada\practica final\practicafinalpa\practicafinalpa\flyingcamera.h(13): warning C4244: 'return': conversión de 'const int' a 'float'; posible pérdida de datos
c:\users\manuel\documents\carpeta de formateo\urjc\programacion avanzada\practica final\practicafinalpa\practicafinalpa\flyingcamera.h(15): warning C4244: 'return': conversión de 'const int' a 'float'; posible pérdida de datos
c:\users\manuel\documents\carpeta de formateo\urjc\programacion avanzada\practica final\practicafinalpa\practicafinalpa\scene.h(22): warning C4305: 'argumento': truncamiento de 'double' a 'const float'
c:\users\manuel\documents\carpeta de formateo\urjc\programacion avanzada\practica final\practicafinalpa\practicafinalpa\game.h(19): warning C4305: 'inicializando': truncamiento de 'double' a 'float'
  Game.cpp
c:\users\manuel\documents\carpeta de formateo\urjc\programacion avanzada\practica final\practicafinalpa\practicafinalpa\flyingcamera.h(13): warning C4244: 'return': conversión de 'const int' a 'float'; posible pérdida de datos
c:\users\manuel\documents\carpeta de formateo\urjc\programacion avanzada\practica final\practicafinalpa\practicafinalpa\flyingcamera.h(15): warning C4244: 'return': conversión de 'const int' a 'float'; posible pérdida de datos
c:\users\manuel\documents\carpeta de formateo\urjc\programacion avanzada\practica final\practicafinalpa\practicafinalpa\scene.h(22): warning C4305: 'argumento': truncamiento de 'double' a 'const float'
c:\users\manuel\documents\carpeta de formateo\urjc\programacion avanzada\practica final\practicafinalpa\practicafinalpa\game.h(19): warning C4305: 'inicializando': truncamiento de 'double' a 'float'
c:\users\manuel\documents\carpeta de formateo\urjc\programacion avanzada\practica final\practicafinalpa\practicafinalpa\game.cpp(36): warning C4244: 'argumento': conversión de 'int' a 'const float'; posible pérdida de datos
c:\users\manuel\documents\carpeta de formateo\urjc\programacion avanzada\practica final\practicafinalpa\practicafinalpa\game.cpp(50): warning C4244: 'argumento': conversión de 'double' a 'const float'; posible pérdida de datos
c:\users\manuel\documents\carpeta de formateo\urjc\programacion avanzada\practica final\practicafinalpa\practicafinalpa\game.cpp(51): warning C4244: 'argumento': conversión de 'double' a 'float'; posible pérdida de datos
c:\users\manuel\documents\carpeta de formateo\urjc\programacion avanzada\practica final\practicafinalpa\practicafinalpa\game.cpp(52): warning C4244: 'argumento': conversión de 'double' a 'const float'; posible pérdida de datos
c:\users\manuel\documents\carpeta de formateo\urjc\programacion avanzada\practica final\practicafinalpa\practicafinalpa\game.cpp(53): warning C4244: 'argumento': conversión de 'double' a 'const float'; posible pérdida de datos
c:\users\manuel\documents\carpeta de formateo\urjc\programacion avanzada\practica final\practicafinalpa\practicafinalpa\game.cpp(64): warning C4305: 'argumento': truncamiento de 'double' a 'const float'
c:\users\manuel\documents\carpeta de formateo\urjc\programacion avanzada\practica final\practicafinalpa\practicafinalpa\game.cpp(65): warning C4305: 'argumento': truncamiento de 'double' a 'float'
c:\users\manuel\documents\carpeta de formateo\urjc\programacion avanzada\practica final\practicafinalpa\practicafinalpa\game.cpp(66): warning C4305: 'argumento': truncamiento de 'double' a 'const float'
c:\users\manuel\documents\carpeta de formateo\urjc\programacion avanzada\practica final\practicafinalpa\practicafinalpa\game.cpp(69): warning C4305: 'argumento': truncamiento de 'double' a 'float'
  Player.cpp
c:\users\manuel\documents\carpeta de formateo\urjc\programacion avanzada\practica final\practicafinalpa\practicafinalpa\player.cpp(36): warning C4305: 'argumento': truncamiento de 'double' a 'const float'
  Scene.cpp
c:\users\manuel\documents\carpeta de formateo\urjc\programacion avanzada\practica final\practicafinalpa\practicafinalpa\flyingcamera.h(13): warning C4244: 'return': conversión de 'const int' a 'float'; posible pérdida de datos
c:\users\manuel\documents\carpeta de formateo\urjc\programacion avanzada\practica final\practicafinalpa\practicafinalpa\flyingcamera.h(15): warning C4244: 'return': conversión de 'const int' a 'float'; posible pérdida de datos
c:\users\manuel\documents\carpeta de formateo\urjc\programacion avanzada\practica final\practicafinalpa\practicafinalpa\scene.h(22): warning C4305: 'argumento': truncamiento de 'double' a 'const float'
c:\users\manuel\documents\carpeta de formateo\urjc\programacion avanzada\practica final\practicafinalpa\practicafinalpa\scene.cpp(25): warning C4018: '<': no coinciden signed/unsigned
c:\users\manuel\documents\carpeta de formateo\urjc\programacion avanzada\practica final\practicafinalpa\practicafinalpa\scene.cpp(34): warning C4018: '<': no coinciden signed/unsigned
c:\users\manuel\documents\carpeta de formateo\urjc\programacion avanzada\practica final\practicafinalpa\practicafinalpa\scene.cpp(40): warning C4244: 'argumento': conversión de 'int' a 'const float'; posible pérdida de datos
  Generando código...
  PracticaFinalPA.vcxproj -> C:\Users\Manuel\Documents\CARPETA DE FORMATEO\URJC\Programacion Avanzada\Practica Final\PracticaFinalPA\Debug\PracticaFinalPA.exe
